
BL51 BANKED LINKER/LOCATER V6.05 - SN: C1MEC-P552IF
COPYRIGHT KEIL ELEKTRONIK GmbH 1987 - 2007
"E:\CD_WORK\Keil\Projects\HatSamwill\device\f342\main.obj",
"E:\CD_WORK\Keil\Projects\HatSamwill\device\f342\USBX_F34X.LIB"  TO "E:\CD_WORK\Keil\Projects\HatSamwill\device\f342\HatSamwill" RS(256) PL(68) PW(78) 

*** WARNING L16: UNCALLED SEGMENT, IGNORED FOR OVERLAY PROCESS
    SEGMENT: ?PR?ENCODERSCAN2?MAIN

*** WARNING L16: UNCALLED SEGMENT, IGNORED FOR OVERLAY PROCESS
    SEGMENT: ?PR?ENCODERSCAN1?MAIN

*** WARNING L16: UNCALLED SEGMENT, IGNORED FOR OVERLAY PROCESS
    SEGMENT: ?PR?ENCODERSCAN3?MAIN

*** WARNING L16: UNCALLED SEGMENT, IGNORED FOR OVERLAY PROCESS
    SEGMENT: ?PR?ENCODERSCAN4?MAIN

*** WARNING L16: UNCALLED SEGMENT, IGNORED FOR OVERLAY PROCESS
    SEGMENT: ?PR?ENCODERSCAN5?MAIN

*** WARNING L16: UNCALLED SEGMENT, IGNORED FOR OVERLAY PROCESS
    SEGMENT: ?CO?MAIN

*** WARNING L16: UNCALLED SEGMENT, IGNORED FOR OVERLAY PROCESS
    SEGMENT: ?PR?_USB_INIT?USB_API

Program Size: data=92.5 xdata=450 code=6821
LINK/LOCATE RUN COMPLETE.  7 WARNING(S),  0 ERROR(S)
